<?xml version="1.0" encoding="UTF-8"?>
<!-- Configures the Camel Context-->

<beans xmlns="http://www.springframework.org/schema/beans"
       xmlns:xsi="http://www.w3.org/2001/XMLSchema-instance"
       xsi:schemaLocation="
       http://www.springframework.org/schema/beans http://www.springframework.org/schema/beans/spring-beans.xsd
       http://camel.apache.org/schema/spring http://camel.apache.org/schema/spring/camel-spring.xsd">

    <bean class="org.apache.activemq.camel.component.ActiveMQComponent" id="activemq">
        <property name="connectionFactory">
            <bean class="org.apache.activemq.ActiveMQConnectionFactory">
                <property name="brokerURL" value="vm://localhost?broker.persistent=false&amp;broker.useJmx=false&amp;broker.enableStatistics=false"/>
            </bean>
        </property>
    </bean>

    <import resource="camel-routes.xml"/>
    
</beans>
